<?xml version="1.0" encoding="UTF-8"?>
<!-- Generated by org.testng.reporters.JUnitXMLReporter -->
<testsuite ignored="2" hostname="LAPTOP-KMM52CRE" failures="1" tests="4" name="Default test(failed)" time="10.849" errors="0" timestamp="2023-08-30T16:42:22 IST">
  <testcase classname="mandatoryCW.restAssured.BookerApi" name="ping" time="3.826"/>
  <testcase classname="mandatoryCW.restAssured.BookerApi" name="generateToken" time="3.023"/>
  <testcase classname="mandatoryCW.restAssured.BookerApi" name="createBooking" time="1.674"/>
  <testcase classname="mandatoryCW.restAssured.BookerApi" name="updateBooking" time="1.589">
    <failure type="java.lang.IllegalStateException" message="Cannot parse object because no supported Content-Type was specified in response. Content-Type was &amp;apos;text/plain; charset=utf-8&amp;apos;.">
      <![CDATA[java.lang.IllegalStateException: Cannot parse object because no supported Content-Type was specified in response. Content-Type was 'text/plain; charset=utf-8'.
at org.codehaus.groovy.runtime.callsite.ConstructorSite$ConstructorSiteNoUnwrapNoCoerce.callConstructor(ConstructorSite.java:108)
at org.codehaus.groovy.runtime.callsite.CallSiteArray.defaultCallConstructor(CallSiteArray.java:57)
at org.codehaus.groovy.runtime.callsite.AbstractCallSite.callConstructor(AbstractCallSite.java:263)
at org.codehaus.groovy.runtime.callsite.AbstractCallSite.callConstructor(AbstractCallSite.java:277)
at io.restassured.internal.mapping.ObjectMapping.deserialize(ObjectMapping.groovy:95)
at io.restassured.internal.mapping.ObjectMapping$deserialize$0.call(Unknown Source)
at io.restassured.internal.RestAssuredResponseOptionsGroovyImpl.as(RestAssuredResponseOptionsGroovyImpl.groovy:229)
at io.restassured.internal.RestAssuredResponseOptionsImpl.as(RestAssuredResponseOptionsImpl.java:169)
at mandatoryCW.restAssured.BookerApi.updateBooking(BookerApi.java:150)
at java.base/java.util.ArrayList.forEach(ArrayList.java:1511)
... Removed 29 stack frames]]>
    </failure>
  </testcase> <!-- updateBooking -->
  <testcase classname="mandatoryCW.restAssured.BookerApi" name="getBookingIds" time="0.0">
    <ignored/>
  </testcase> <!-- getBookingIds -->
  <testcase classname="mandatoryCW.restAssured.BookerApi" name="getBooking" time="0.0">
    <ignored/>
  </testcase> <!-- getBooking -->
</testsuite> <!-- Default test(failed) -->
