<?xml version="1.0" encoding="UTF-8"?>
<!-- Generated by org.testng.reporters.JUnitXMLReporter -->
<testsuite ignored="0" hostname="LAPTOP-KMM52CRE" failures="0" tests="4" name="Default test" time="0.046" errors="0" timestamp="2023-08-21T18:01:15 IST">
  <testcase classname="mandatoryHW.week4.day1" name="test1" time="0.009"/>
  <testcase classname="mandatoryHW.week4.day1" name="test2" time="0.001"/>
  <testcase classname="mandatoryHW.week4.day1" name="test3" time="0.001"/>
  <testcase classname="mandatoryHW.week4.day1" name="test4" time="0.001"/>
</testsuite> <!-- Default test -->
