<?xml version="1.0" encoding="UTF-8"?>
<!-- Generated by org.testng.reporters.JUnitXMLReporter -->
<testsuite ignored="0" hostname="LAPTOP-KMM52CRE" failures="0" tests="3" name="Default test" time="0.042" errors="0" timestamp="2023-08-22T00:11:15 IST">
  <testcase classname="mandatoryHW.week4.Day2" name="test1" time="0.008"/>
  <testcase classname="mandatoryHW.week4.Day2" name="test2" time="0.001"/>
  <testcase classname="mandatoryHW.week4.Day2" name="test3" time="0.001"/>
</testsuite> <!-- Default test -->
