<?xml version="1.0" encoding="UTF-8"?>
<testng-results ignored="0" total="8" passed="8" failed="0" skipped="0">
  <reporter-output>
  </reporter-output>
  <suite started-at="2023-08-31T22:51:31 IST" name="Default suite" finished-at="2023-08-31T22:51:44 IST" duration-ms="13775">
    <groups>
    </groups>
    <test started-at="2023-08-31T22:51:31 IST" name="Default test" finished-at="2023-08-31T22:51:44 IST" duration-ms="13775">
      <class name="mandatoryCW.restAssured.BookerApi">
        <test-method is-config="true" signature="setUp()[pri:0, instance:mandatoryCW.restAssured.BookerApi@1165b38]" started-at="2023-08-31T22:51:31 IST" name="setUp" finished-at="2023-08-31T22:51:31 IST" duration-ms="358" status="PASS">
          <reporter-output>
          </reporter-output>
        </test-method> <!-- setUp -->
        <test-method signature="ping()[pri:0, instance:mandatoryCW.restAssured.BookerApi@1165b38]" started-at="2023-08-31T22:51:31 IST" name="ping" finished-at="2023-08-31T22:51:33 IST" duration-ms="2241" status="PASS">
          <reporter-output>
          </reporter-output>
        </test-method> <!-- ping -->
        <test-method signature="generateToken()[pri:0, instance:mandatoryCW.restAssured.BookerApi@1165b38]" started-at="2023-08-31T22:51:33 IST" name="generateToken" finished-at="2023-08-31T22:51:35 IST" depends-on-methods="mandatoryCW.restAssured.BookerApi.ping" duration-ms="2085" status="PASS">
          <reporter-output>
          </reporter-output>
        </test-method> <!-- generateToken -->
        <test-method is-config="true" signature="setUp()[pri:0, instance:mandatoryCW.restAssured.BookerApi@1165b38]" started-at="2023-08-31T22:51:33 IST" name="setUp" finished-at="2023-08-31T22:51:33 IST" duration-ms="0" status="PASS">
          <reporter-output>
          </reporter-output>
        </test-method> <!-- setUp -->
        <test-method signature="createBooking()[pri:0, instance:mandatoryCW.restAssured.BookerApi@1165b38]" started-at="2023-08-31T22:51:35 IST" name="createBooking" finished-at="2023-08-31T22:51:37 IST" depends-on-methods="mandatoryCW.restAssured.BookerApi.generateToken" duration-ms="1275" status="PASS">
          <reporter-output>
          </reporter-output>
        </test-method> <!-- createBooking -->
        <test-method is-config="true" signature="setUp()[pri:0, instance:mandatoryCW.restAssured.BookerApi@1165b38]" started-at="2023-08-31T22:51:35 IST" name="setUp" finished-at="2023-08-31T22:51:35 IST" duration-ms="0" status="PASS">
          <reporter-output>
          </reporter-output>
        </test-method> <!-- setUp -->
        <test-method is-config="true" signature="setUp()[pri:0, instance:mandatoryCW.restAssured.BookerApi@1165b38]" started-at="2023-08-31T22:51:37 IST" name="setUp" finished-at="2023-08-31T22:51:37 IST" duration-ms="1" status="PASS">
          <reporter-output>
          </reporter-output>
        </test-method> <!-- setUp -->
        <test-method signature="getBooking()[pri:0, instance:mandatoryCW.restAssured.BookerApi@1165b38]" started-at="2023-08-31T22:51:37 IST" name="getBooking" finished-at="2023-08-31T22:51:38 IST" depends-on-methods="mandatoryCW.restAssured.BookerApi.createBooking" duration-ms="1265" status="PASS">
          <reporter-output>
          </reporter-output>
        </test-method> <!-- getBooking -->
        <test-method signature="getBookingIds()[pri:0, instance:mandatoryCW.restAssured.BookerApi@1165b38]" started-at="2023-08-31T22:51:38 IST" name="getBookingIds" finished-at="2023-08-31T22:51:39 IST" depends-on-methods="mandatoryCW.restAssured.BookerApi.createBooking" duration-ms="1327" status="PASS">
          <reporter-output>
          </reporter-output>
        </test-method> <!-- getBookingIds -->
        <test-method is-config="true" signature="setUp()[pri:0, instance:mandatoryCW.restAssured.BookerApi@1165b38]" started-at="2023-08-31T22:51:38 IST" name="setUp" finished-at="2023-08-31T22:51:38 IST" duration-ms="0" status="PASS">
          <reporter-output>
          </reporter-output>
        </test-method> <!-- setUp -->
        <test-method signature="updateBooking()[pri:0, instance:mandatoryCW.restAssured.BookerApi@1165b38]" started-at="2023-08-31T22:51:39 IST" name="updateBooking" finished-at="2023-08-31T22:51:40 IST" depends-on-methods="mandatoryCW.restAssured.BookerApi.createBooking, mandatoryCW.restAssured.BookerApi.generateToken" duration-ms="1260" status="PASS">
          <reporter-output>
          </reporter-output>
        </test-method> <!-- updateBooking -->
        <test-method is-config="true" signature="setUp()[pri:0, instance:mandatoryCW.restAssured.BookerApi@1165b38]" started-at="2023-08-31T22:51:39 IST" name="setUp" finished-at="2023-08-31T22:51:39 IST" duration-ms="0" status="PASS">
          <reporter-output>
          </reporter-output>
        </test-method> <!-- setUp -->
        <test-method signature="partialUpdate()[pri:0, instance:mandatoryCW.restAssured.BookerApi@1165b38]" started-at="2023-08-31T22:51:40 IST" name="partialUpdate" finished-at="2023-08-31T22:51:42 IST" depends-on-methods="mandatoryCW.restAssured.BookerApi.updateBooking" duration-ms="1229" status="PASS">
          <reporter-output>
          </reporter-output>
        </test-method> <!-- partialUpdate -->
        <test-method is-config="true" signature="setUp()[pri:0, instance:mandatoryCW.restAssured.BookerApi@1165b38]" started-at="2023-08-31T22:51:40 IST" name="setUp" finished-at="2023-08-31T22:51:40 IST" duration-ms="0" status="PASS">
          <reporter-output>
          </reporter-output>
        </test-method> <!-- setUp -->
        <test-method signature="deleteBooking()[pri:0, instance:mandatoryCW.restAssured.BookerApi@1165b38]" started-at="2023-08-31T22:51:42 IST" name="deleteBooking" finished-at="2023-08-31T22:51:44 IST" depends-on-methods="mandatoryCW.restAssured.BookerApi.partialUpdate" duration-ms="2691" status="PASS">
          <reporter-output>
          </reporter-output>
        </test-method> <!-- deleteBooking -->
        <test-method is-config="true" signature="setUp()[pri:0, instance:mandatoryCW.restAssured.BookerApi@1165b38]" started-at="2023-08-31T22:51:42 IST" name="setUp" finished-at="2023-08-31T22:51:42 IST" duration-ms="0" status="PASS">
          <reporter-output>
          </reporter-output>
        </test-method> <!-- setUp -->
      </class> <!-- mandatoryCW.restAssured.BookerApi -->
    </test> <!-- Default test -->
  </suite> <!-- Default suite -->
</testng-results>
