<?xml version="1.0" encoding="UTF-8"?>
<testng-results ignored="0" total="1" passed="1" failed="0" skipped="0">
  <reporter-output>
  </reporter-output>
  <suite started-at="2023-08-25T02:34:16 IST" name="Default suite" finished-at="2023-08-25T02:34:49 IST" duration-ms="33021">
    <groups>
    </groups>
    <test started-at="2023-08-25T02:34:16 IST" name="Default test" finished-at="2023-08-25T02:34:49 IST" duration-ms="33021">
      <class name="mandatoryHW.selenium.Day5_HW">
        <test-method signature="day5_Hw()[pri:0, instance:mandatoryHW.selenium.Day5_HW@2eae8e6e]" started-at="2023-08-25T02:34:16 IST" name="day5_Hw" finished-at="2023-08-25T02:34:49 IST" duration-ms="32985" status="PASS">
          <reporter-output>
          </reporter-output>
        </test-method> <!-- day5_Hw -->
      </class> <!-- mandatoryHW.selenium.Day5_HW -->
    </test> <!-- Default test -->
  </suite> <!-- Default suite -->
</testng-results>
